INFO:     Will watch for changes in these directories: ['/home/alexandre_brcr/Documents/POLYTECH/5A/Test & Sécurité logicielle/PolytechTours-PadelStarterKit/backend']
INFO:     Uvicorn running on http://127.0.0.1:8000 (Press CTRL+C to quit)
INFO:     Started reloader process [22861] using WatchFiles
INFO:     Started server process [22863]
INFO:     Waiting for application startup.
INFO:     Application startup complete.
WARNING:  WatchFiles detected changes in 'tests/test_planning.py'. Reloading...
INFO:     Shutting down
INFO:     Waiting for application shutdown.
INFO:     Application shutdown complete.
INFO:     Finished server process [22863]
WARNING:  WatchFiles detected changes in 'tests/test_planning.py'. Reloading...
INFO:     Started server process [23046]
INFO:     Waiting for application startup.
INFO:     Application startup complete.
WARNING:  WatchFiles detected changes in 'tests/test_planning.py'. Reloading...
INFO:     Shutting down
INFO:     Waiting for application shutdown.
INFO:     Application shutdown complete.
INFO:     Finished server process [23046]
INFO:     Started server process [23062]
INFO:     Waiting for application startup.
INFO:     Application startup complete.
WARNING:  WatchFiles detected changes in 'tests/test_planning.py'. Reloading...
INFO:     Shutting down
INFO:     Waiting for application shutdown.
INFO:     Application shutdown complete.
INFO:     Finished server process [23062]
INFO:     Started server process [23087]
INFO:     Waiting for application startup.
INFO:     Application startup complete.
WARNING:  WatchFiles detected changes in 'tests/test_planning.py'. Reloading...
INFO:     Shutting down
INFO:     Waiting for application shutdown.
INFO:     Application shutdown complete.
INFO:     Finished server process [23087]
INFO:     Started server process [23103]
INFO:     Waiting for application startup.
INFO:     Application startup complete.
INFO:     127.0.0.1:57176 - "OPTIONS /api/v1/auth/login HTTP/1.1" 200 OK
INFO:     127.0.0.1:57176 - "POST /api/v1/auth/login HTTP/1.1" 200 OK
INFO:     127.0.0.1:57176 - "OPTIONS /api/v1/planning?start_date=2025-09-30&end_date=2025-12-30 HTTP/1.1" 200 OK
INFO:     127.0.0.1:57176 - "GET /api/v1/planning?start_date=2025-09-30&end_date=2025-12-30 HTTP/1.1" 307 Temporary Redirect
INFO:     127.0.0.1:57176 - "OPTIONS /api/v1/planning/?start_date=2025-09-30&end_date=2025-12-30 HTTP/1.1" 200 OK
INFO:     127.0.0.1:57176 - "GET /api/v1/planning/?start_date=2025-09-30&end_date=2025-12-30 HTTP/1.1" 200 OK
INFO:     127.0.0.1:57176 - "POST /api/v1/auth/login HTTP/1.1" 200 OK
INFO:     127.0.0.1:57176 - "POST /api/v1/auth/login HTTP/1.1" 200 OK
INFO:     127.0.0.1:52914 - "OPTIONS /api/v1/auth/login HTTP/1.1" 200 OK
INFO:     127.0.0.1:52914 - "POST /api/v1/auth/login HTTP/1.1" 200 OK
INFO:     127.0.0.1:52914 - "OPTIONS /api/v1/planning?start_date=2025-10-01&end_date=2025-12-31 HTTP/1.1" 200 OK
INFO:     127.0.0.1:52914 - "GET /api/v1/planning?start_date=2025-10-01&end_date=2025-12-31 HTTP/1.1" 307 Temporary Redirect
INFO:     127.0.0.1:52914 - "OPTIONS /api/v1/planning/?start_date=2025-10-01&end_date=2025-12-31 HTTP/1.1" 200 OK
INFO:     127.0.0.1:52920 - "POST /api/v1/auth/login HTTP/1.1" 200 OK
INFO:     127.0.0.1:52928 - "POST /api/v1/auth/login HTTP/1.1" 200 OK
INFO:     127.0.0.1:56640 - "OPTIONS /api/v1/auth/login HTTP/1.1" 200 OK
INFO:     127.0.0.1:56640 - "POST /api/v1/auth/login HTTP/1.1" 200 OK
INFO:     127.0.0.1:56640 - "OPTIONS /api/v1/planning?start_date=2025-10-01&end_date=2025-12-31 HTTP/1.1" 200 OK
INFO:     127.0.0.1:56640 - "GET /api/v1/planning?start_date=2025-10-01&end_date=2025-12-31 HTTP/1.1" 307 Temporary Redirect
INFO:     127.0.0.1:56640 - "OPTIONS /api/v1/planning/?start_date=2025-10-01&end_date=2025-12-31 HTTP/1.1" 200 OK
INFO:     127.0.0.1:56640 - "POST /api/v1/auth/login HTTP/1.1" 200 OK
INFO:     127.0.0.1:56640 - "POST /api/v1/auth/login HTTP/1.1" 200 OK
WARNING:  WatchFiles detected changes in 'app/api/deps.py'. Reloading...
INFO:     Shutting down
INFO:     Waiting for application shutdown.
INFO:     Application shutdown complete.
INFO:     Finished server process [23103]
WARNING:  WatchFiles detected changes in 'app/api/deps.py'. Reloading...
INFO:     Started server process [26316]
INFO:     Waiting for application startup.
INFO:     Application startup complete.
WARNING:  WatchFiles detected changes in 'app/api/auth.py'. Reloading...
INFO:     Shutting down
INFO:     Waiting for application shutdown.
INFO:     Application shutdown complete.
INFO:     Finished server process [26316]
INFO:     Started server process [26735]
INFO:     Waiting for application startup.
INFO:     Application startup complete.
INFO:     127.0.0.1:59696 - "OPTIONS /api/v1/auth/login HTTP/1.1" 200 OK
INFO:     127.0.0.1:59696 - "POST /api/v1/auth/login HTTP/1.1" 200 OK
INFO:     127.0.0.1:59696 - "OPTIONS /api/v1/planning?start_date=2025-10-01&end_date=2025-12-31 HTTP/1.1" 200 OK
INFO:     127.0.0.1:59696 - "GET /api/v1/planning?start_date=2025-10-01&end_date=2025-12-31 HTTP/1.1" 307 Temporary Redirect
INFO:     127.0.0.1:59696 - "OPTIONS /api/v1/planning/?start_date=2025-10-01&end_date=2025-12-31 HTTP/1.1" 200 OK
INFO:     127.0.0.1:59696 - "POST /api/v1/auth/login HTTP/1.1" 200 OK
INFO:     127.0.0.1:59696 - "POST /api/v1/auth/login HTTP/1.1" 200 OK
INFO:     127.0.0.1:35482 - "OPTIONS /api/v1/auth/login HTTP/1.1" 200 OK
INFO:     127.0.0.1:35496 - "POST /api/v1/auth/login HTTP/1.1" 200 OK
INFO:     127.0.0.1:35496 - "OPTIONS /api/v1/planning?start_date=2025-10-01&end_date=2025-12-31 HTTP/1.1" 200 OK
INFO:     127.0.0.1:35482 - "GET /api/v1/planning?start_date=2025-10-01&end_date=2025-12-31 HTTP/1.1" 307 Temporary Redirect
INFO:     127.0.0.1:35482 - "OPTIONS /api/v1/planning/?start_date=2025-10-01&end_date=2025-12-31 HTTP/1.1" 200 OK
INFO:     127.0.0.1:35496 - "GET /api/v1/planning/?start_date=2025-10-01&end_date=2025-12-31 HTTP/1.1" 200 OK
INFO:     127.0.0.1:51822 - "OPTIONS /api/v1/planning?start_date=2025-11-01&end_date=2026-01-31 HTTP/1.1" 200 OK
INFO:     127.0.0.1:51830 - "GET /api/v1/planning?start_date=2025-11-01&end_date=2026-01-31 HTTP/1.1" 307 Temporary Redirect
INFO:     127.0.0.1:51830 - "OPTIONS /api/v1/planning/?start_date=2025-11-01&end_date=2026-01-31 HTTP/1.1" 200 OK
INFO:     127.0.0.1:51822 - "GET /api/v1/planning/?start_date=2025-11-01&end_date=2026-01-31 HTTP/1.1" 200 OK
INFO:     127.0.0.1:51822 - "OPTIONS /api/v1/admin/teams HTTP/1.1" 200 OK
INFO:     127.0.0.1:51830 - "GET /api/v1/admin/teams HTTP/1.1" 200 OK
INFO:     127.0.0.1:58168 - "GET /api/v1/admin/teams HTTP/1.1" 200 OK
WARNING:  WatchFiles detected changes in 'app/core/config.py'. Reloading...
INFO:     Shutting down
INFO:     Waiting for application shutdown.
INFO:     Application shutdown complete.
INFO:     Finished server process [26735]
INFO:     Started server process [28055]
INFO:     Waiting for application startup.
INFO:     Application startup complete.
WARNING:  WatchFiles detected changes in 'app/api/auth.py'. Reloading...
INFO:     Shutting down
INFO:     Waiting for application shutdown.
INFO:     Application shutdown complete.
INFO:     Finished server process [28055]
INFO:     Started server process [28086]
INFO:     Waiting for application startup.
INFO:     Application startup complete.
WARNING:  WatchFiles detected changes in 'app/api/auth.py'. Reloading...
INFO:     Shutting down
INFO:     Waiting for application shutdown.
INFO:     Application shutdown complete.
INFO:     Finished server process [28086]
INFO:     Started server process [28110]
INFO:     Waiting for application startup.
INFO:     Application startup complete.
WARNING:  WatchFiles detected changes in 'app/api/test.py'. Reloading...
INFO:     Shutting down
INFO:     Waiting for application shutdown.
INFO:     Application shutdown complete.
INFO:     Finished server process [28110]
WARNING:  WatchFiles detected changes in 'app/api/test.py'. Reloading...
INFO:     Started server process [28150]
INFO:     Waiting for application startup.
INFO:     Application startup complete.
WARNING:  WatchFiles detected changes in 'app/main.py'. Reloading...
INFO:     Shutting down
INFO:     Waiting for application shutdown.
INFO:     Application shutdown complete.
INFO:     Finished server process [28150]
INFO:     Started server process [28168]
INFO:     Waiting for application startup.
INFO:     Application startup complete.
WARNING:  WatchFiles detected changes in 'app/main.py'. Reloading...
INFO:     Shutting down
INFO:     Waiting for application shutdown.
INFO:     Application shutdown complete.
INFO:     Finished server process [28168]
INFO:     Started server process [28228]
INFO:     Waiting for application startup.
INFO:     Application startup complete.
WARNING:  WatchFiles detected changes in 'app/main.py', 'app/api/test.py', 'app/core/config.py', 'app/api/auth.py'. Reloading...
INFO:     Shutting down
INFO:     Waiting for application shutdown.
INFO:     Application shutdown complete.
INFO:     Finished server process [28228]
INFO:     Started server process [28253]
INFO:     Waiting for application startup.
INFO:     Application startup complete.
WARNING:  WatchFiles detected changes in 'app/database.py'. Reloading...
INFO:     Shutting down
INFO:     Waiting for application shutdown.
INFO:     Application shutdown complete.
INFO:     Finished server process [28253]
INFO:     Started server process [28443]
INFO:     Waiting for application startup.
INFO:     Application startup complete.
WARNING:  WatchFiles detected changes in 'app/database.py'. Reloading...
INFO:     Shutting down
INFO:     Waiting for application shutdown.
INFO:     Application shutdown complete.
INFO:     Finished server process [28443]
INFO:     Started server process [28461]
INFO:     Waiting for application startup.
INFO:     Application startup complete.
WARNING:  WatchFiles detected changes in 'app/database.py'. Reloading...
INFO:     Shutting down
INFO:     Waiting for application shutdown.
INFO:     Application shutdown complete.
INFO:     Finished server process [28461]
INFO:     Started server process [28484]
INFO:     Waiting for application startup.
INFO:     Application startup complete.
WARNING:  WatchFiles detected changes in 'app/database.py'. Reloading...
INFO:     Shutting down
INFO:     Waiting for application shutdown.
INFO:     Application shutdown complete.
INFO:     Finished server process [28484]
INFO:     Started server process [28501]
INFO:     Waiting for application startup.
INFO:     Application startup complete.
WARNING:  WatchFiles detected changes in 'app/database.py'. Reloading...
INFO:     Shutting down
INFO:     Waiting for application shutdown.
INFO:     Application shutdown complete.
INFO:     Finished server process [28501]
INFO:     Started server process [28510]
INFO:     Waiting for application startup.
INFO:     Application startup complete.
WARNING:  WatchFiles detected changes in 'app/database.py'. Reloading...
INFO:     Shutting down
INFO:     Waiting for application shutdown.
INFO:     Application shutdown complete.
INFO:     Finished server process [28510]
Process SpawnProcess-23:
Traceback (most recent call last):
  File "/usr/lib/python3.12/multiprocessing/process.py", line 314, in _bootstrap
    self.run()
  File "/usr/lib/python3.12/multiprocessing/process.py", line 108, in run
    self._target(*self._args, **self._kwargs)
  File "/home/alexandre_brcr/Documents/POLYTECH/5A/Test & Sécurité logicielle/PolytechTours-PadelStarterKit/backend/venv/lib/python3.12/site-packages/uvicorn/_subprocess.py", line 76, in subprocess_started
    target(sockets=sockets)
  File "/home/alexandre_brcr/Documents/POLYTECH/5A/Test & Sécurité logicielle/PolytechTours-PadelStarterKit/backend/venv/lib/python3.12/site-packages/uvicorn/server.py", line 61, in run
    return asyncio.run(self.serve(sockets=sockets))
           ^^^^^^^^^^^^^^^^^^^^^^^^^^^^^^^^^^^^^^^^
  File "/usr/lib/python3.12/asyncio/runners.py", line 194, in run
    return runner.run(main)
           ^^^^^^^^^^^^^^^^
  File "/usr/lib/python3.12/asyncio/runners.py", line 118, in run
    return self._loop.run_until_complete(task)
           ^^^^^^^^^^^^^^^^^^^^^^^^^^^^^^^^^^^
  File "uvloop/loop.pyx", line 1518, in uvloop.loop.Loop.run_until_complete
  File "/home/alexandre_brcr/Documents/POLYTECH/5A/Test & Sécurité logicielle/PolytechTours-PadelStarterKit/backend/venv/lib/python3.12/site-packages/uvicorn/server.py", line 68, in serve
    config.load()
  File "/home/alexandre_brcr/Documents/POLYTECH/5A/Test & Sécurité logicielle/PolytechTours-PadelStarterKit/backend/venv/lib/python3.12/site-packages/uvicorn/config.py", line 467, in load
    self.loaded_app = import_from_string(self.app)
                      ^^^^^^^^^^^^^^^^^^^^^^^^^^^^
  File "/home/alexandre_brcr/Documents/POLYTECH/5A/Test & Sécurité logicielle/PolytechTours-PadelStarterKit/backend/venv/lib/python3.12/site-packages/uvicorn/importer.py", line 21, in import_from_string
    module = importlib.import_module(module_str)
             ^^^^^^^^^^^^^^^^^^^^^^^^^^^^^^^^^^^
  File "/usr/lib/python3.12/importlib/__init__.py", line 90, in import_module
    return _bootstrap._gcd_import(name[level:], package, level)
           ^^^^^^^^^^^^^^^^^^^^^^^^^^^^^^^^^^^^^^^^^^^^^^^^^^^^
  File "<frozen importlib._bootstrap>", line 1387, in _gcd_import
  File "<frozen importlib._bootstrap>", line 1360, in _find_and_load
  File "<frozen importlib._bootstrap>", line 1331, in _find_and_load_unlocked
  File "<frozen importlib._bootstrap>", line 935, in _load_unlocked
  File "<frozen importlib._bootstrap_external>", line 995, in exec_module
  File "<frozen importlib._bootstrap>", line 488, in _call_with_frames_removed
  File "/home/alexandre_brcr/Documents/POLYTECH/5A/Test & Sécurité logicielle/PolytechTours-PadelStarterKit/backend/app/main.py", line 5, in <module>
    from app.api import auth, admin, matches, results, planning, test
  File "/home/alexandre_brcr/Documents/POLYTECH/5A/Test & Sécurité logicielle/PolytechTours-PadelStarterKit/backend/app/api/auth.py", line 8, in <module>
    from app.database import get_db
  File "/home/alexandre_brcr/Documents/POLYTECH/5A/Test & Sécurité logicielle/PolytechTours-PadelStarterKit/backend/app/database.py", line 36
    password_hash=get_password_hash("Test@20252026
                                    ^
SyntaxError: unterminated string literal (detected at line 36)
WARNING:  WatchFiles detected changes in 'app/database.py'. Reloading...
Process SpawnProcess-24:
Traceback (most recent call last):
  File "/usr/lib/python3.12/multiprocessing/process.py", line 314, in _bootstrap
    self.run()
  File "/usr/lib/python3.12/multiprocessing/process.py", line 108, in run
    self._target(*self._args, **self._kwargs)
  File "/home/alexandre_brcr/Documents/POLYTECH/5A/Test & Sécurité logicielle/PolytechTours-PadelStarterKit/backend/venv/lib/python3.12/site-packages/uvicorn/_subprocess.py", line 76, in subprocess_started
    target(sockets=sockets)
  File "/home/alexandre_brcr/Documents/POLYTECH/5A/Test & Sécurité logicielle/PolytechTours-PadelStarterKit/backend/venv/lib/python3.12/site-packages/uvicorn/server.py", line 61, in run
    return asyncio.run(self.serve(sockets=sockets))
           ^^^^^^^^^^^^^^^^^^^^^^^^^^^^^^^^^^^^^^^^
  File "/usr/lib/python3.12/asyncio/runners.py", line 194, in run
    return runner.run(main)
           ^^^^^^^^^^^^^^^^
  File "/usr/lib/python3.12/asyncio/runners.py", line 118, in run
    return self._loop.run_until_complete(task)
           ^^^^^^^^^^^^^^^^^^^^^^^^^^^^^^^^^^^
  File "uvloop/loop.pyx", line 1518, in uvloop.loop.Loop.run_until_complete
  File "/home/alexandre_brcr/Documents/POLYTECH/5A/Test & Sécurité logicielle/PolytechTours-PadelStarterKit/backend/venv/lib/python3.12/site-packages/uvicorn/server.py", line 68, in serve
    config.load()
  File "/home/alexandre_brcr/Documents/POLYTECH/5A/Test & Sécurité logicielle/PolytechTours-PadelStarterKit/backend/venv/lib/python3.12/site-packages/uvicorn/config.py", line 467, in load
    self.loaded_app = import_from_string(self.app)
                      ^^^^^^^^^^^^^^^^^^^^^^^^^^^^
  File "/home/alexandre_brcr/Documents/POLYTECH/5A/Test & Sécurité logicielle/PolytechTours-PadelStarterKit/backend/venv/lib/python3.12/site-packages/uvicorn/importer.py", line 21, in import_from_string
    module = importlib.import_module(module_str)
             ^^^^^^^^^^^^^^^^^^^^^^^^^^^^^^^^^^^
  File "/usr/lib/python3.12/importlib/__init__.py", line 90, in import_module
    return _bootstrap._gcd_import(name[level:], package, level)
           ^^^^^^^^^^^^^^^^^^^^^^^^^^^^^^^^^^^^^^^^^^^^^^^^^^^^
  File "<frozen importlib._bootstrap>", line 1387, in _gcd_import
  File "<frozen importlib._bootstrap>", line 1360, in _find_and_load
  File "<frozen importlib._bootstrap>", line 1331, in _find_and_load_unlocked
  File "<frozen importlib._bootstrap>", line 935, in _load_unlocked
  File "<frozen importlib._bootstrap_external>", line 995, in exec_module
  File "<frozen importlib._bootstrap>", line 488, in _call_with_frames_removed
  File "/home/alexandre_brcr/Documents/POLYTECH/5A/Test & Sécurité logicielle/PolytechTours-PadelStarterKit/backend/app/main.py", line 5, in <module>
    from app.api import auth, admin, matches, results, planning, test
  File "/home/alexandre_brcr/Documents/POLYTECH/5A/Test & Sécurité logicielle/PolytechTours-PadelStarterKit/backend/app/api/auth.py", line 8, in <module>
    from app.database import get_db
  File "/home/alexandre_brcr/Documents/POLYTECH/5A/Test & Sécurité logicielle/PolytechTours-PadelStarterKit/backend/app/database.py", line 36
    password_hash=get_password_hash("Test@2025_026
                                    ^
SyntaxError: unterminated string literal (detected at line 36)
WARNING:  WatchFiles detected changes in 'app/database.py'. Reloading...
Process SpawnProcess-25:
Traceback (most recent call last):
  File "/usr/lib/python3.12/multiprocessing/process.py", line 314, in _bootstrap
    self.run()
  File "/usr/lib/python3.12/multiprocessing/process.py", line 108, in run
    self._target(*self._args, **self._kwargs)
  File "/home/alexandre_brcr/Documents/POLYTECH/5A/Test & Sécurité logicielle/PolytechTours-PadelStarterKit/backend/venv/lib/python3.12/site-packages/uvicorn/_subprocess.py", line 76, in subprocess_started
    target(sockets=sockets)
  File "/home/alexandre_brcr/Documents/POLYTECH/5A/Test & Sécurité logicielle/PolytechTours-PadelStarterKit/backend/venv/lib/python3.12/site-packages/uvicorn/server.py", line 61, in run
    return asyncio.run(self.serve(sockets=sockets))
           ^^^^^^^^^^^^^^^^^^^^^^^^^^^^^^^^^^^^^^^^
  File "/usr/lib/python3.12/asyncio/runners.py", line 194, in run
    return runner.run(main)
           ^^^^^^^^^^^^^^^^
  File "/usr/lib/python3.12/asyncio/runners.py", line 118, in run
    return self._loop.run_until_complete(task)
           ^^^^^^^^^^^^^^^^^^^^^^^^^^^^^^^^^^^
  File "uvloop/loop.pyx", line 1518, in uvloop.loop.Loop.run_until_complete
  File "/home/alexandre_brcr/Documents/POLYTECH/5A/Test & Sécurité logicielle/PolytechTours-PadelStarterKit/backend/venv/lib/python3.12/site-packages/uvicorn/server.py", line 68, in serve
    config.load()
  File "/home/alexandre_brcr/Documents/POLYTECH/5A/Test & Sécurité logicielle/PolytechTours-PadelStarterKit/backend/venv/lib/python3.12/site-packages/uvicorn/config.py", line 467, in load
    self.loaded_app = import_from_string(self.app)
                      ^^^^^^^^^^^^^^^^^^^^^^^^^^^^
  File "/home/alexandre_brcr/Documents/POLYTECH/5A/Test & Sécurité logicielle/PolytechTours-PadelStarterKit/backend/venv/lib/python3.12/site-packages/uvicorn/importer.py", line 21, in import_from_string
    module = importlib.import_module(module_str)
             ^^^^^^^^^^^^^^^^^^^^^^^^^^^^^^^^^^^
  File "/usr/lib/python3.12/importlib/__init__.py", line 90, in import_module
    return _bootstrap._gcd_import(name[level:], package, level)
           ^^^^^^^^^^^^^^^^^^^^^^^^^^^^^^^^^^^^^^^^^^^^^^^^^^^^
  File "<frozen importlib._bootstrap>", line 1387, in _gcd_import
  File "<frozen importlib._bootstrap>", line 1360, in _find_and_load
  File "<frozen importlib._bootstrap>", line 1331, in _find_and_load_unlocked
  File "<frozen importlib._bootstrap>", line 935, in _load_unlocked
  File "<frozen importlib._bootstrap_external>", line 995, in exec_module
  File "<frozen importlib._bootstrap>", line 488, in _call_with_frames_removed
  File "/home/alexandre_brcr/Documents/POLYTECH/5A/Test & Sécurité logicielle/PolytechTours-PadelStarterKit/backend/app/main.py", line 5, in <module>
    from app.api import auth, admin, matches, results, planning, test
  File "/home/alexandre_brcr/Documents/POLYTECH/5A/Test & Sécurité logicielle/PolytechTours-PadelStarterKit/backend/app/api/auth.py", line 8, in <module>
    from app.database import get_db
  File "/home/alexandre_brcr/Documents/POLYTECH/5A/Test & Sécurité logicielle/PolytechTours-PadelStarterKit/backend/app/database.py", line 36
    password_hash=get_password_hash("Test@2025_2026
                                    ^
SyntaxError: unterminated string literal (detected at line 36)
WARNING:  WatchFiles detected changes in 'app/database.py'. Reloading...
INFO:     Started server process [28569]
INFO:     Waiting for application startup.
INFO:     Application startup complete.
